<?xml version="1.0" encoding="UTF-8"?>
<!-- Generated by org.testng.reporters.JUnitXMLReporter -->
<testsuite hostname="DESKTOP-GHUCK39" ignored="0" name="Test" tests="3" failures="0" timestamp="06 Jan 2019 00:19:05 GMT" time="30.545" errors="0">
  <testcase name="ticketBookingTest" time="8.269" classname="com.demoaut.newtours.Testscripts.BookTicketTest"/>
  <testcase name="InvalidUsersTest" time="1.257" classname="com.demoaut.newtours.Testscripts.InvalidUserTest"/>
  <testcase name="ValidateUsersTest" time="7.512" classname="com.demoaut.newtours.Testscripts.ValidateUserTest"/>
</testsuite> <!-- Test -->
