<?xml version="1.0" encoding="UTF-8"?>
<testng-results skipped="0" failed="0" ignored="0" total="3" passed="3">
  <reporter-output>
  </reporter-output>
  <suite name="Suite" duration-ms="30545" started-at="2019-01-06T00:18:35Z" finished-at="2019-01-06T00:19:05Z">
    <groups>
    </groups>
    <test name="Test" duration-ms="30545" started-at="2019-01-06T00:18:35Z" finished-at="2019-01-06T00:19:05Z">
      <class name="com.demoaut.newtours.Testscripts.BookTicketTest">
        <test-method status="PASS" signature="openBrowser()[pri:0, instance:com.demoaut.newtours.Testscripts.BookTicketTest@51565ec2]" name="openBrowser" is-config="true" duration-ms="4665" started-at="2019-01-06T00:18:35Z" finished-at="2019-01-06T00:18:39Z">
          <reporter-output>
          </reporter-output>
        </test-method> <!-- openBrowser -->
        <test-method status="PASS" signature="ticketBookingTest()[pri:0, instance:com.demoaut.newtours.Testscripts.BookTicketTest@51565ec2]" name="ticketBookingTest" duration-ms="8269" started-at="2019-01-06T00:18:40Z" finished-at="2019-01-06T00:18:48Z">
          <reporter-output>
          </reporter-output>
        </test-method> <!-- ticketBookingTest -->
        <test-method status="PASS" signature="closeBrowser()[pri:0, instance:com.demoaut.newtours.Testscripts.BookTicketTest@51565ec2]" name="closeBrowser" is-config="true" duration-ms="172" started-at="2019-01-06T00:18:48Z" finished-at="2019-01-06T00:18:48Z">
          <reporter-output>
          </reporter-output>
        </test-method> <!-- closeBrowser -->
      </class> <!-- com.demoaut.newtours.Testscripts.BookTicketTest -->
      <class name="com.demoaut.newtours.Testscripts.InvalidUserTest">
        <test-method status="PASS" signature="openBrowser()[pri:0, instance:com.demoaut.newtours.Testscripts.InvalidUserTest@482f8f11]" name="openBrowser" is-config="true" duration-ms="4161" started-at="2019-01-06T00:18:48Z" finished-at="2019-01-06T00:18:52Z">
          <reporter-output>
          </reporter-output>
        </test-method> <!-- openBrowser -->
        <test-method status="PASS" signature="InvalidUsersTest()[pri:0, instance:com.demoaut.newtours.Testscripts.InvalidUserTest@482f8f11]" name="InvalidUsersTest" duration-ms="1257" started-at="2019-01-06T00:18:52Z" finished-at="2019-01-06T00:18:53Z">
          <reporter-output>
          </reporter-output>
        </test-method> <!-- InvalidUsersTest -->
        <test-method status="PASS" signature="closeBrowser()[pri:0, instance:com.demoaut.newtours.Testscripts.InvalidUserTest@482f8f11]" name="closeBrowser" is-config="true" duration-ms="132" started-at="2019-01-06T00:18:53Z" finished-at="2019-01-06T00:18:54Z">
          <reporter-output>
          </reporter-output>
        </test-method> <!-- closeBrowser -->
      </class> <!-- com.demoaut.newtours.Testscripts.InvalidUserTest -->
      <class name="com.demoaut.newtours.Testscripts.ValidateUserTest">
        <test-method status="PASS" signature="openBrowser()[pri:0, instance:com.demoaut.newtours.Testscripts.ValidateUserTest@1593948d]" name="openBrowser" is-config="true" duration-ms="4166" started-at="2019-01-06T00:18:54Z" finished-at="2019-01-06T00:18:58Z">
          <reporter-output>
          </reporter-output>
        </test-method> <!-- openBrowser -->
        <test-method status="PASS" signature="ValidateUsersTest()[pri:0, instance:com.demoaut.newtours.Testscripts.ValidateUserTest@1593948d]" name="ValidateUsersTest" duration-ms="7512" started-at="2019-01-06T00:18:58Z" finished-at="2019-01-06T00:19:05Z">
          <reporter-output>
          </reporter-output>
        </test-method> <!-- ValidateUsersTest -->
        <test-method status="PASS" signature="closeBrowser()[pri:0, instance:com.demoaut.newtours.Testscripts.ValidateUserTest@1593948d]" name="closeBrowser" is-config="true" duration-ms="156" started-at="2019-01-06T00:19:05Z" finished-at="2019-01-06T00:19:05Z">
          <reporter-output>
          </reporter-output>
        </test-method> <!-- closeBrowser -->
      </class> <!-- com.demoaut.newtours.Testscripts.ValidateUserTest -->
    </test> <!-- Test -->
  </suite> <!-- Suite -->
</testng-results>
